Benchmark data loaded
L2 norm of the 10th harmonic was 1.20222736205e-09
Beginning processing for EqSpParam
Data for 1 samples loaded
Data for 2 samples loaded
Data for 3 samples loaded
Data for 4 samples loaded
Data for 5 samples loaded
Data for 10 samples loaded
Data for 15 samples loaded
Data for 20 samples loaded
Data for 30 samples loaded
Data for 40 samples loaded
Data for 50 samples loaded
Traceback (most recent call last):
  File "/usr/lib64/python2.7/runpy.py", line 162, in _run_module_as_main
    "__main__", fname, loader, pkg_name)
  File "/usr/lib64/python2.7/runpy.py", line 72, in _run_code
    exec code in run_globals
  File "/auto/users/gavart/Private/python/electrochemistry/scripts/convergenceForDispSampling.py", line 106, in <module>
    plt.title("Convergence in the 10th harmonic for {0}".format(name))
  File "/usr/lib64/python2.7/site-packages/matplotlib/pyplot.py", line 1311, in title
    l =  gca().set_title(s, *args, **kwargs)
  File "/usr/lib64/python2.7/site-packages/matplotlib/pyplot.py", line 803, in gca
    ax =  gcf().gca(**kwargs)
  File "/usr/lib64/python2.7/site-packages/matplotlib/pyplot.py", line 450, in gcf
    return figure()
  File "/usr/lib64/python2.7/site-packages/matplotlib/pyplot.py", line 423, in figure
    **kwargs)
  File "/usr/lib64/python2.7/site-packages/matplotlib/backends/backend_tkagg.py", line 79, in new_figure_manager
    return new_figure_manager_given_figure(num, figure)
  File "/usr/lib64/python2.7/site-packages/matplotlib/backends/backend_tkagg.py", line 87, in new_figure_manager_given_figure
    window = Tk.Tk()
  File "/usr/lib64/python2.7/lib-tk/Tkinter.py", line 1745, in __init__
    self.tk = _tkinter.create(screenName, baseName, className, interactive, wantobjects, useTk, sync, use)
_tkinter.TclError: couldn't connect to display "localhost:16.0"
